<?xml version="1.0" encoding="UTF-8"?>
<coverage generated="1623071100944" clover="3.2.0">
  <project timestamp="1623071100945" name="All files">
    <metrics statements="7" coveredstatements="4" conditionals="0" coveredconditionals="0" methods="4" coveredmethods="1" elements="11" coveredelements="5" complexity="0" loc="7" ncloc="7" packages="1" files="1" classes="1"/>
    <file name="utilities.js" path="/Users/mac/Documents/Lynda/explore-california-profile/src/utilities.js">
      <metrics statements="7" coveredstatements="4" conditionals="0" coveredconditionals="0" methods="4" coveredmethods="1"/>
      <line num="2" count="4" type="stmt"/>
      <line num="5" count="3" type="stmt"/>
      <line num="13" count="3" type="stmt"/>
      <line num="21" count="0" type="stmt"/>
      <line num="22" count="0" type="stmt"/>
      <line num="23" count="0" type="stmt"/>
      <line num="28" count="3" type="stmt"/>
    </file>
  </project>
</coverage>
